
> @ssa-ui-kit/docs@0.0.0 build /home/runner/work/ui-kit/ui-kit/apps/docs
> next build

⚠ No build cache found. Please configure build caching for faster rebuilds. Read more: https://nextjs.org/docs/messages/no-cache
Attention: Next.js now collects completely anonymous telemetry regarding usage.
This information is used to shape Next.js' roadmap and prioritize features.
You can learn more, including how to opt-out if you'd not like to participate in this anonymous program, by visiting the following URL:
https://nextjs.org/telemetry

   ▲ Next.js 15.5.19

[MDX] updated map file in 46.334258999999975ms
   Creating an optimized production build ...
 ✓ Compiled successfully in 45s
   Skipping linting
   Checking validity of types ...
   Collecting page data ...
   Generating static pages (0/20) ...
   Generating static pages (5/20) 
   Generating static pages (10/20) 
   Generating static pages (15/20) 
 ✓ Generating static pages (20/20)
   Finalizing page optimization ...
   Collecting build traces ...

Route (app)                                 Size  First Load JS
┌ ○ /                                      165 B         107 kB
├ ○ /_not-found                             1 kB         104 kB
├ ƒ /api/search                            127 B         104 kB
└ ● /docs/[[...slug]]                    15.1 kB         135 kB
    ├ /docs/avatar
    ├ /docs/badge
    ├ /docs/button
    └ [+12 more paths]
+ First Load JS shared by all             103 kB
  ├ chunks/1026-5dcfe6108b8acdb1.js      46.1 kB
  ├ chunks/808d3bc2-829ffcc9fde7ccd9.js  54.2 kB
  └ other shared chunks (total)          3.13 kB


○  (Static)   prerendered as static content
●  (SSG)      prerendered as static HTML (uses generateStaticParams)
ƒ  (Dynamic)  server-rendered on demand

